Key: 11111000100100111111110001001001111010000001111011111000100100111111110001001001111010000001111010100000011110101000000111101010000001111010100000011110111110001001001111010000001111011111000100100111111110001001001111010000001111011111000100100111101000000111101010000001111010100000011110111110001001001111010000001111011111000100100111101000000111101111100010010011111111000100100111111110001001001111010000001111010100000011110101000000111101111100010010011111111000100100111101000000111101010000001111011111000100100111101000000111101111100010010011111111000100100111111110001001001111010000001111011111000100100111101000000111101111100010010011110100000011110111110001001001111010000001111010100000011110101000000111101010000001111011111000100100111111110001001001111111100010010011111111000100100111111110001001001111111100010010011110100000011110101000000111101111100010010011110100000011110111110001001001111010000001111011111000100100111101000000111101010000001111010100000011110
[2024-12-17 18:48:15.332109] CBC Mode Encryption Process
[2024-12-17 18:48:15.332109] Encryption and Decryption Process

Round 1 Encryption:
Left (L1): 0952676E
Right (R1): AFAAA5FD
Key: 502CAC440040

Round 2 Encryption:
Left (L2): AFAAA5FD
Right (R2): 5DDAB884
Key: 50ACA4408040

Round 3 Encryption:
Left (L3): 5DDAB884
Right (R3): EA14F1D0
Key: D0AC26408408

Round 4 Encryption:
Left (L4): EA14F1D0
Right (R4): 9B961C2C
Key: E0A626081408

Round 5 Encryption:
Left (L5): 9B961C2C
Right (R5): A5E9E06E
Key: E09626085020

Round 6 Encryption:
Left (L6): A5E9E06E
Right (R6): 1C914F84
Key: E09272004820

Round 7 Encryption:
Left (L7): 1C914F84
Right (R7): 1BC98D7A
Key: A4D272800810

Round 8 Encryption:
Left (L8): 1BC98D7A
Right (R8): F8F5A8A9
Key: A65352810210

Round 9 Encryption:
Left (L9): F8F5A8A9
Right (R9): 626F149B
Key: 265353810200

Round 10 Encryption:
Left (L10): 626F149B
Right (R10): F349E594
Key: 2F5151100204

Round 11 Encryption:
Left (L11): F349E594
Right (R11): FCFB8457
Key: 0F41D9100084

Round 12 Encryption:
Left (L12): FCFB8457
Right (R12): 6C5750D3
Key: 1F4199002081

Round 13 Encryption:
Left (L13): 6C5750D3
Right (R13): 5B846F23
Key: 1F0989222001

Round 14 Encryption:
Left (L14): 5B846F23
Right (R14): B2762606
Key: 1B288D220102

Round 15 Encryption:
Left (L15): B2762606
Right (R15): EECC299D
Key: 192C8C040102

Round 16 Encryption:
Left (L16): EECC299D
Right (R16): F4680B57
Key: 512C8C040140

Cipher Text (Binary): 00011011 00001110 11010111 00111000 10010111 11100101 10110110 11010100
[2024-12-17 18:48:15.338110] Cipher text sent: 1B0ED73897E5B6D4
[2024-12-17 18:48:19.365606] Cipher text received: stop
